<testsuite name="Mocha Tests" tests="28" failures="0" errors="0" skipped="0" timestamp="Wed, 21 Dec 2022 07:56:34 GMT" time="125.526">
<testcase classname="Test Suite - To start the test, we will need your Moodle Admin account for setup step, please enter your Admin credential Test boundary value - Change firstname" name="TC-006-001" time="1.579"/>
<testcase classname="Test Suite - To start the test, we will need your Moodle Admin account for setup step, please enter your Admin credential Test boundary value - Change firstname" name="TC-006-002" time="1.248"/>
<testcase classname="Test Suite - To start the test, we will need your Moodle Admin account for setup step, please enter your Admin credential Test boundary value - Change firstname" name="TC-006-003" time="1.341"/>
<testcase classname="Test Suite - To start the test, we will need your Moodle Admin account for setup step, please enter your Admin credential Test boundary value - Change firstname" name="TC-006-004" time="1.375"/>
<testcase classname="Test Suite - To start the test, we will need your Moodle Admin account for setup step, please enter your Admin credential Test boundary value - Change firstname" name="TC-006-005" time="1.45"/>
<testcase classname="Test Suite - To start the test, we will need your Moodle Admin account for setup step, please enter your Admin credential Test Equivalence class - Change password" name="TC-007-001" time="1.245"/>
<testcase classname="Test Suite - To start the test, we will need your Moodle Admin account for setup step, please enter your Admin credential Test Equivalence class - Change password" name="TC-007-002" time="1.192"/>
<testcase classname="Test Suite - To start the test, we will need your Moodle Admin account for setup step, please enter your Admin credential Test Equivalence class - Change password" name="TC-007-003" time="1.321"/>
<testcase classname="Test Suite - To start the test, we will need your Moodle Admin account for setup step, please enter your Admin credential Test Equivalence class - Change password" name="TC-007-004" time="1.361"/>
<testcase classname="Test Suite - To start the test, we will need your Moodle Admin account for setup step, please enter your Admin credential Test Equivalence class - Change password" name="TC-007-005" time="1.313"/>
<testcase classname="Test Suite - To start the test, we will need your Moodle Admin account for setup step, please enter your Admin credential Test Equivalence class - Change password" name="TC-007-006" time="1.229"/>
<testcase classname="Test Suite - To start the test, we will need your Moodle Admin account for setup step, please enter your Admin credential Test Equivalence class - Change password" name="TC-007-007" time="1.344"/>
<testcase classname="Test Suite - To start the test, we will need your Moodle Admin account for setup step, please enter your Admin credential Test Equivalence class - Change password" name="TC-007-008" time="1.299"/>
<testcase classname="Test Suite - To start the test, we will need your Moodle Admin account for setup step, please enter your Admin credential Test Decision Table - Filter and sort courses" name="TC-008-001" time="5.626"/>
<testcase classname="Test Suite - To start the test, we will need your Moodle Admin account for setup step, please enter your Admin credential Test Decision Table - Filter and sort courses" name="TC-008-002" time="5.594"/>
<testcase classname="Test Suite - To start the test, we will need your Moodle Admin account for setup step, please enter your Admin credential Test Decision Table - Filter and sort courses" name="TC-008-003" time="5.538"/>
<testcase classname="Test Suite - To start the test, we will need your Moodle Admin account for setup step, please enter your Admin credential Test Decision Table - Filter and sort courses" name="TC-008-004" time="5.547"/>
<testcase classname="Test Suite - To start the test, we will need your Moodle Admin account for setup step, please enter your Admin credential Test Decision Table - Filter and sort courses" name="TC-008-005" time="5.516"/>
<testcase classname="Test Suite - To start the test, we will need your Moodle Admin account for setup step, please enter your Admin credential Test Decision Table - Filter and sort courses" name="TC-008-006" time="5.542"/>
<testcase classname="Test Suite - To start the test, we will need your Moodle Admin account for setup step, please enter your Admin credential Test Decision Table - Filter and sort courses" name="TC-008-007" time="5.577"/>
<testcase classname="Test Suite - To start the test, we will need your Moodle Admin account for setup step, please enter your Admin credential Test Decision Table - Filter and sort courses" name="TC-008-008" time="5.44"/>
<testcase classname="Test Suite - To start the test, we will need your Moodle Admin account for setup step, please enter your Admin credential Test Decision Table - Filter and sort courses" name="TC-008-009" time="5.557"/>
<testcase classname="Test Suite - To start the test, we will need your Moodle Admin account for setup step, please enter your Admin credential Test Decision Table - Filter and sort courses" name="TC-008-010" time="5.577"/>
<testcase classname="Test Suite - To start the test, we will need your Moodle Admin account for setup step, please enter your Admin credential Test Decision Table - Filter and sort courses" name="TC-008-011" time="5.559"/>
<testcase classname="Test Suite - To start the test, we will need your Moodle Admin account for setup step, please enter your Admin credential Test Decision Table - Filter and sort courses" name="TC-008-012" time="5.442"/>
<testcase classname="Test Suite - To start the test, we will need your Moodle Admin account for setup step, please enter your Admin credential Test Usecase - Import calendar using file import " name="TC-009-001" time="2.175"/>
<testcase classname="Test Suite - To start the test, we will need your Moodle Admin account for setup step, please enter your Admin credential Test Usecase - Import calendar using file import " name="TC-009-002" time="3.417"/>
<testcase classname="Test Suite - To start the test, we will need your Moodle Admin account for setup step, please enter your Admin credential Test Usecase - Import calendar using file import " name="TC-009-003" time="3.777"/>
</testsuite>
